<?xml version="1.0" encoding="UTF-8"?>
<!-- Generated by org.testng.reporters.JUnitReportReporter -->
<testsuite hostname="LAPTOP-MATHCUTA" failures="0" tests="5" name="Batch2_selenium.BrowserControl" time="32.011" errors="0" timestamp="2024-06-12T19:51:23 GMT-04:00" skipped="4">
  <testcase classname="Batch2_selenium.BrowserControl" name="navigateOptions" time="32.011"/>
  <testcase classname="Batch2_selenium.BrowserControl" name="getpageSource">
    <skipped/>
  </testcase> <!-- getpageSource -->
  <testcase classname="Batch2_selenium.BrowserControl" name="navigateConcepts">
    <skipped/>
  </testcase> <!-- navigateConcepts -->
  <testcase classname="Batch2_selenium.BrowserControl" name="getURL">
    <skipped/>
  </testcase> <!-- getURL -->
  <testcase classname="Batch2_selenium.BrowserControl" name="driverclosequit">
    <skipped/>
  </testcase> <!-- driverclosequit -->
</testsuite> <!-- Batch2_selenium.BrowserControl -->
