<?xml version="1.0" encoding="UTF-8"?>
<!-- Generated by org.testng.reporters.JUnitReportReporter -->
<testsuite hostname="LAPTOP-MATHCUTA" failures="0" tests="1" name="Batch2_selenium.XpathLocator" time="11.935" errors="0" timestamp="2024-06-12T18:38:08 GMT-04:00" skipped="0">
  <testcase classname="Batch2_selenium.XpathLocator" name="f" time="11.935"/>
</testsuite> <!-- Batch2_selenium.XpathLocator -->
