<?xml version="1.0" encoding="UTF-8"?>
<!-- Generated by org.testng.reporters.JUnitReportReporter -->
<testsuite hostname="LAPTOP-MATHCUTA" failures="0" tests="2" name="Batch2_selenium.TestNGBasic" time="0.027" errors="0" timestamp="2024-06-05T18:33:15 GMT-04:00" skipped="0">
  <testcase classname="Batch2_selenium.TestNGBasic" name="mySecondTest" time="0.005"/>
  <testcase classname="Batch2_selenium.TestNGBasic" name="myFirstTest" time="0.022"/>
</testsuite> <!-- Batch2_selenium.TestNGBasic -->
